2019-05-20 15:46:24.526 [restartedMain] [32m INFO[0;39m com.xiangzi.SpringBootAdminApplication:50 - Starting SpringBootAdminApplication on qianjiu with PID 2064 (D:\github\spring-boot-admin\target\classes started by qianjiu in D:\github\spring-boot-admin)
2019-05-20 15:46:24.531 [restartedMain] [32m INFO[0;39m com.xiangzi.SpringBootAdminApplication:675 - No active profile set, falling back to default profiles: default
2019-05-20 15:46:24.635 [restartedMain] [32m INFO[0;39m o.s.b.d.env.DevToolsPropertyDefaultsPostProcessor:227 - Devtools property defaults active! Set 'spring.devtools.add-properties' to 'false' to disable
2019-05-20 15:46:24.636 [restartedMain] [32m INFO[0;39m o.s.b.d.env.DevToolsPropertyDefaultsPostProcessor:227 - For additional web related logging consider setting the 'logging.level.web' property to 'DEBUG'
2019-05-20 15:46:25.526 [restartedMain] [33m WARN[0;39m org.mybatis.spring.mapper.ClassPathMapperScanner:44 - No MyBatis mapper was found in '[com.xiangzi]' package. Please check your configuration.
2019-05-20 15:46:25.587 [restartedMain] [32m INFO[0;39m o.s.d.r.config.RepositoryConfigurationDelegate:126 - Bootstrapping Spring Data repositories in DEFAULT mode.
2019-05-20 15:46:25.612 [restartedMain] [32m INFO[0;39m o.s.d.r.config.RepositoryConfigurationDelegate:182 - Finished Spring Data repository scanning in 11ms. Found 0 repository interfaces.
2019-05-20 15:46:26.085 [restartedMain] [32m INFO[0;39m o.s.c.s.PostProcessorRegistrationDelegate$BeanPostProcessorChecker:330 - Bean 'org.springframework.transaction.annotation.ProxyTransactionManagementConfiguration' of type [org.springframework.transaction.annotation.ProxyTransactionManagementConfiguration$$EnhancerBySpringCGLIB$$bb901df7] is not eligible for getting processed by all BeanPostProcessors (for example: not eligible for auto-proxying)
2019-05-20 15:46:26.679 [restartedMain] [32m INFO[0;39m o.s.boot.web.embedded.tomcat.TomcatWebServer:90 - Tomcat initialized with port(s): 8080 (http)
2019-05-20 15:46:26.717 [restartedMain] [32m INFO[0;39m org.apache.catalina.core.StandardService:173 - Starting service [Tomcat]
2019-05-20 15:46:26.718 [restartedMain] [32m INFO[0;39m org.apache.catalina.core.StandardEngine:173 - Starting Servlet engine: [Apache Tomcat/9.0.19]
2019-05-20 15:46:26.859 [restartedMain] [32m INFO[0;39m o.a.c.core.ContainerBase.[Tomcat].[localhost].[/]:173 - Initializing Spring embedded WebApplicationContext
2019-05-20 15:46:26.860 [restartedMain] [32m INFO[0;39m org.springframework.web.context.ContextLoader:296 - Root WebApplicationContext: initialization completed in 2180 ms
2019-05-20 15:46:27.215 [restartedMain] [32m INFO[0;39m org.hibernate.jpa.internal.util.LogHelper:31 - HHH000204: Processing PersistenceUnitInfo [
	name: default
	...]
2019-05-20 15:46:27.414 [restartedMain] [32m INFO[0;39m org.hibernate.Version:46 - HHH000412: Hibernate Core {5.3.10.Final}
2019-05-20 15:46:27.416 [restartedMain] [32m INFO[0;39m org.hibernate.cfg.Environment:213 - HHH000206: hibernate.properties not found
2019-05-20 15:46:27.688 [restartedMain] [32m INFO[0;39m org.hibernate.annotations.common.Version:49 - HCANN000001: Hibernate Commons Annotations {5.0.4.Final}
2019-05-20 15:46:27.904 [restartedMain] [32m INFO[0;39m com.alibaba.druid.pool.DruidDataSource:928 - {dataSource-1} inited
2019-05-20 15:46:28.509 [restartedMain] [32m INFO[0;39m org.hibernate.dialect.Dialect:157 - HHH000400: Using dialect: org.hibernate.dialect.MySQL5Dialect
2019-05-20 15:46:31.173 [restartedMain] [32m INFO[0;39m o.s.orm.jpa.LocalContainerEntityManagerFactoryBean:415 - Initialized JPA EntityManagerFactory for persistence unit 'default'
2019-05-20 15:46:31.238 [restartedMain] [32m INFO[0;39m o.s.b.d.autoconfigure.OptionalLiveReloadServer:57 - LiveReload server is running on port 35729
2019-05-20 15:46:31.456 [restartedMain] [32m INFO[0;39m o.s.scheduling.concurrent.ThreadPoolTaskExecutor:171 - Initializing ExecutorService 'applicationTaskExecutor'
2019-05-20 15:46:31.506 [restartedMain] [33m WARN[0;39m o.s.b.a.o.j.JpaBaseConfiguration$JpaWebConfiguration$JpaWebMvcConfiguration:237 - spring.jpa.open-in-view is enabled by default. Therefore, database queries may be performed during view rendering. Explicitly configure spring.jpa.open-in-view to disable this warning
2019-05-20 15:46:31.843 [restartedMain] [32m INFO[0;39m o.s.boot.web.embedded.tomcat.TomcatWebServer:204 - Tomcat started on port(s): 8080 (http) with context path ''
2019-05-20 15:46:31.848 [restartedMain] [32m INFO[0;39m com.xiangzi.SpringBootAdminApplication:59 - Started SpringBootAdminApplication in 8.169 seconds (JVM running for 9.995)
2019-05-20 18:04:44.322 [Thread-26] [32m INFO[0;39m o.s.scheduling.concurrent.ThreadPoolTaskExecutor:208 - Shutting down ExecutorService 'applicationTaskExecutor'
2019-05-20 18:04:44.326 [Thread-26] [32m INFO[0;39m o.s.orm.jpa.LocalContainerEntityManagerFactoryBean:597 - Closing JPA EntityManagerFactory for persistence unit 'default'
2019-05-20 18:04:44.342 [Thread-26] [32m INFO[0;39m com.alibaba.druid.pool.DruidDataSource:1823 - {dataSource-1} closed
2019-05-20 18:04:58.172 [restartedMain] [32m INFO[0;39m com.xiangzi.SpringBootAdminApplication:50 - Starting SpringBootAdminApplication on qianjiu with PID 9532 (D:\github\spring-boot-admin\target\classes started by qianjiu in D:\github\spring-boot-admin)
2019-05-20 18:04:58.177 [restartedMain] [32m INFO[0;39m com.xiangzi.SpringBootAdminApplication:675 - No active profile set, falling back to default profiles: default
2019-05-20 18:04:58.300 [restartedMain] [32m INFO[0;39m o.s.b.d.env.DevToolsPropertyDefaultsPostProcessor:227 - Devtools property defaults active! Set 'spring.devtools.add-properties' to 'false' to disable
2019-05-20 18:04:58.300 [restartedMain] [32m INFO[0;39m o.s.b.d.env.DevToolsPropertyDefaultsPostProcessor:227 - For additional web related logging consider setting the 'logging.level.web' property to 'DEBUG'
2019-05-20 18:04:58.994 [restartedMain] [33m WARN[0;39m o.s.b.w.s.c.AnnotationConfigServletWebServerApplicationContext:557 - Exception encountered during context initialization - cancelling refresh attempt: org.springframework.beans.factory.support.BeanDefinitionOverrideException: Invalid bean definition with name 'authRealm' defined in class path resource [com/xiangzi/config/ShiroConfig.class]: Cannot register bean definition [Root bean: class [null]; scope=; abstract=false; lazyInit=false; autowireMode=3; dependencyCheck=0; autowireCandidate=true; primary=false; factoryBeanName=shiroConfig; factoryMethodName=authRealm; initMethodName=null; destroyMethodName=(inferred); defined in class path resource [com/xiangzi/config/ShiroConfig.class]] for bean 'authRealm': There is already [Generic bean: class [com.xiangzi.realm.AuthRealm]; scope=singleton; abstract=false; lazyInit=false; autowireMode=0; dependencyCheck=0; autowireCandidate=true; primary=false; factoryBeanName=null; factoryMethodName=null; initMethodName=null; destroyMethodName=null; defined in file [D:\github\spring-boot-admin\target\classes\com\xiangzi\realm\AuthRealm.class]] bound.
2019-05-20 18:04:59.005 [restartedMain] [32m INFO[0;39m o.s.b.a.l.ConditionEvaluationReportLoggingListener:142 - 

Error starting ApplicationContext. To display the conditions report re-run your application with 'debug' enabled.
2019-05-20 18:04:59.008 [restartedMain] [31mERROR[0;39m o.s.b.diagnostics.LoggingFailureAnalysisReporter:42 - 

***************************
APPLICATION FAILED TO START
***************************

Description:

The bean 'authRealm', defined in class path resource [com/xiangzi/config/ShiroConfig.class], could not be registered. A bean with that name has already been defined in file [D:\github\spring-boot-admin\target\classes\com\xiangzi\realm\AuthRealm.class] and overriding is disabled.

Action:

Consider renaming one of the beans or enabling overriding by setting spring.main.allow-bean-definition-overriding=true

2019-05-20 18:07:55.486 [restartedMain] [32m INFO[0;39m com.xiangzi.SpringBootAdminApplication:50 - Starting SpringBootAdminApplication on qianjiu with PID 4952 (D:\github\spring-boot-admin\target\classes started by qianjiu in D:\github\spring-boot-admin)
2019-05-20 18:07:55.491 [restartedMain] [32m INFO[0;39m com.xiangzi.SpringBootAdminApplication:675 - No active profile set, falling back to default profiles: default
2019-05-20 18:07:55.553 [restartedMain] [32m INFO[0;39m o.s.b.d.env.DevToolsPropertyDefaultsPostProcessor:227 - Devtools property defaults active! Set 'spring.devtools.add-properties' to 'false' to disable
2019-05-20 18:07:55.553 [restartedMain] [32m INFO[0;39m o.s.b.d.env.DevToolsPropertyDefaultsPostProcessor:227 - For additional web related logging consider setting the 'logging.level.web' property to 'DEBUG'
2019-05-20 18:07:56.573 [restartedMain] [32m INFO[0;39m o.s.d.r.config.RepositoryConfigurationDelegate:126 - Bootstrapping Spring Data repositories in DEFAULT mode.
2019-05-20 18:07:56.604 [restartedMain] [32m INFO[0;39m o.s.d.r.config.RepositoryConfigurationDelegate:182 - Finished Spring Data repository scanning in 20ms. Found 0 repository interfaces.
2019-05-20 18:07:56.949 [restartedMain] [32m INFO[0;39m o.s.c.s.PostProcessorRegistrationDelegate$BeanPostProcessorChecker:330 - Bean 'shiroConfig' of type [com.xiangzi.config.ShiroConfig$$EnhancerBySpringCGLIB$$fff99286] is not eligible for getting processed by all BeanPostProcessors (for example: not eligible for auto-proxying)
2019-05-20 18:07:57.060 [restartedMain] [32m INFO[0;39m o.s.c.s.PostProcessorRegistrationDelegate$BeanPostProcessorChecker:330 - Bean 'mybatis-org.mybatis.spring.boot.autoconfigure.MybatisProperties' of type [org.mybatis.spring.boot.autoconfigure.MybatisProperties] is not eligible for getting processed by all BeanPostProcessors (for example: not eligible for auto-proxying)
2019-05-20 18:07:57.069 [restartedMain] [32m INFO[0;39m o.s.c.s.PostProcessorRegistrationDelegate$BeanPostProcessorChecker:330 - Bean 'org.mybatis.spring.boot.autoconfigure.MybatisAutoConfiguration' of type [org.mybatis.spring.boot.autoconfigure.MybatisAutoConfiguration$$EnhancerBySpringCGLIB$$b5b49547] is not eligible for getting processed by all BeanPostProcessors (for example: not eligible for auto-proxying)
2019-05-20 18:07:57.071 [restartedMain] [32m INFO[0;39m o.s.c.s.PostProcessorRegistrationDelegate$BeanPostProcessorChecker:330 - Bean 'org.springframework.boot.autoconfigure.jdbc.DataSourceConfiguration$Generic' of type [org.springframework.boot.autoconfigure.jdbc.DataSourceConfiguration$Generic$$EnhancerBySpringCGLIB$$649b2839] is not eligible for getting processed by all BeanPostProcessors (for example: not eligible for auto-proxying)
2019-05-20 18:07:57.093 [restartedMain] [32m INFO[0;39m o.s.c.s.PostProcessorRegistrationDelegate$BeanPostProcessorChecker:330 - Bean 'spring.datasource-org.springframework.boot.autoconfigure.jdbc.DataSourceProperties' of type [org.springframework.boot.autoconfigure.jdbc.DataSourceProperties] is not eligible for getting processed by all BeanPostProcessors (for example: not eligible for auto-proxying)
2019-05-20 18:07:57.193 [restartedMain] [32m INFO[0;39m o.s.c.s.PostProcessorRegistrationDelegate$BeanPostProcessorChecker:330 - Bean 'dataSource' of type [com.alibaba.druid.pool.DruidDataSource] is not eligible for getting processed by all BeanPostProcessors (for example: not eligible for auto-proxying)
2019-05-20 18:07:57.551 [restartedMain] [32m INFO[0;39m o.s.c.s.PostProcessorRegistrationDelegate$BeanPostProcessorChecker:330 - Bean 'sqlSessionFactory' of type [org.apache.ibatis.session.defaults.DefaultSqlSessionFactory] is not eligible for getting processed by all BeanPostProcessors (for example: not eligible for auto-proxying)
2019-05-20 18:07:57.558 [restartedMain] [32m INFO[0;39m o.s.c.s.PostProcessorRegistrationDelegate$BeanPostProcessorChecker:330 - Bean 'sqlSessionTemplate' of type [org.mybatis.spring.SqlSessionTemplate] is not eligible for getting processed by all BeanPostProcessors (for example: not eligible for auto-proxying)
2019-05-20 18:07:57.559 [restartedMain] [32m INFO[0;39m o.s.c.s.PostProcessorRegistrationDelegate$BeanPostProcessorChecker:330 - Bean 'userInfoMapper' of type [org.mybatis.spring.mapper.MapperFactoryBean] is not eligible for getting processed by all BeanPostProcessors (for example: not eligible for auto-proxying)
2019-05-20 18:07:57.562 [restartedMain] [32m INFO[0;39m o.s.c.s.PostProcessorRegistrationDelegate$BeanPostProcessorChecker:330 - Bean 'userInfoMapper' of type [com.sun.proxy.$Proxy56] is not eligible for getting processed by all BeanPostProcessors (for example: not eligible for auto-proxying)
2019-05-20 18:07:57.564 [restartedMain] [32m INFO[0;39m o.s.c.s.PostProcessorRegistrationDelegate$BeanPostProcessorChecker:330 - Bean 'authRealm' of type [com.xiangzi.realm.AuthRealm] is not eligible for getting processed by all BeanPostProcessors (for example: not eligible for auto-proxying)
2019-05-20 18:07:57.565 [restartedMain] [32m INFO[0;39m com.xiangzi.config.ShiroConfig:69 - - - - - - - -shiro开始加载- - - - - - 
2019-05-20 18:07:57.879 [restartedMain] [32m INFO[0;39m o.s.c.s.PostProcessorRegistrationDelegate$BeanPostProcessorChecker:330 - Bean 'webSessionManager' of type [org.apache.shiro.web.session.mgt.DefaultWebSessionManager] is not eligible for getting processed by all BeanPostProcessors (for example: not eligible for auto-proxying)
2019-05-20 18:07:57.882 [restartedMain] [32m INFO[0;39m o.s.c.s.PostProcessorRegistrationDelegate$BeanPostProcessorChecker:330 - Bean 'securityManager' of type [org.apache.shiro.web.mgt.DefaultWebSecurityManager] is not eligible for getting processed by all BeanPostProcessors (for example: not eligible for auto-proxying)
2019-05-20 18:07:57.918 [restartedMain] [32m INFO[0;39m o.s.c.s.PostProcessorRegistrationDelegate$BeanPostProcessorChecker:330 - Bean 'authorizationAttributeSourceAdvisor' of type [org.apache.shiro.spring.security.interceptor.AuthorizationAttributeSourceAdvisor] is not eligible for getting processed by all BeanPostProcessors (for example: not eligible for auto-proxying)
2019-05-20 18:07:57.973 [restartedMain] [32m INFO[0;39m o.s.c.s.PostProcessorRegistrationDelegate$BeanPostProcessorChecker:330 - Bean 'org.springframework.transaction.annotation.ProxyTransactionManagementConfiguration' of type [org.springframework.transaction.annotation.ProxyTransactionManagementConfiguration$$EnhancerBySpringCGLIB$$82e04417] is not eligible for getting processed by all BeanPostProcessors (for example: not eligible for auto-proxying)
2019-05-20 18:07:58.562 [restartedMain] [32m INFO[0;39m o.s.boot.web.embedded.tomcat.TomcatWebServer:90 - Tomcat initialized with port(s): 8080 (http)
2019-05-20 18:07:58.588 [restartedMain] [32m INFO[0;39m org.apache.catalina.core.StandardService:173 - Starting service [Tomcat]
2019-05-20 18:07:58.588 [restartedMain] [32m INFO[0;39m org.apache.catalina.core.StandardEngine:173 - Starting Servlet engine: [Apache Tomcat/9.0.19]
2019-05-20 18:07:58.725 [restartedMain] [32m INFO[0;39m o.a.c.core.ContainerBase.[Tomcat].[localhost].[/]:173 - Initializing Spring embedded WebApplicationContext
2019-05-20 18:07:58.725 [restartedMain] [32m INFO[0;39m org.springframework.web.context.ContextLoader:296 - Root WebApplicationContext: initialization completed in 3172 ms
2019-05-20 18:07:59.037 [restartedMain] [32m INFO[0;39m org.hibernate.jpa.internal.util.LogHelper:31 - HHH000204: Processing PersistenceUnitInfo [
	name: default
	...]
2019-05-20 18:07:59.145 [restartedMain] [32m INFO[0;39m org.hibernate.Version:46 - HHH000412: Hibernate Core {5.3.10.Final}
2019-05-20 18:07:59.147 [restartedMain] [32m INFO[0;39m org.hibernate.cfg.Environment:213 - HHH000206: hibernate.properties not found
2019-05-20 18:07:59.401 [restartedMain] [32m INFO[0;39m org.hibernate.annotations.common.Version:49 - HCANN000001: Hibernate Commons Annotations {5.0.4.Final}
2019-05-20 18:07:59.661 [restartedMain] [32m INFO[0;39m com.alibaba.druid.pool.DruidDataSource:928 - {dataSource-1} inited
2019-05-20 18:08:00.336 [restartedMain] [32m INFO[0;39m org.hibernate.dialect.Dialect:157 - HHH000400: Using dialect: org.hibernate.dialect.MySQL5Dialect
2019-05-20 18:08:01.007 [restartedMain] [32m INFO[0;39m o.s.orm.jpa.LocalContainerEntityManagerFactoryBean:415 - Initialized JPA EntityManagerFactory for persistence unit 'default'
2019-05-20 18:08:01.369 [restartedMain] [32m INFO[0;39m o.s.scheduling.concurrent.ThreadPoolTaskExecutor:171 - Initializing ExecutorService 'applicationTaskExecutor'
2019-05-20 18:08:01.421 [restartedMain] [33m WARN[0;39m o.s.b.a.o.j.JpaBaseConfiguration$JpaWebConfiguration$JpaWebMvcConfiguration:237 - spring.jpa.open-in-view is enabled by default. Therefore, database queries may be performed during view rendering. Explicitly configure spring.jpa.open-in-view to disable this warning
2019-05-20 18:08:01.713 [restartedMain] [32m INFO[0;39m o.s.b.d.autoconfigure.OptionalLiveReloadServer:57 - LiveReload server is running on port 35729
2019-05-20 18:08:01.776 [restartedMain] [32m INFO[0;39m o.s.boot.web.embedded.tomcat.TomcatWebServer:204 - Tomcat started on port(s): 8080 (http) with context path ''
2019-05-20 18:08:01.781 [restartedMain] [32m INFO[0;39m com.xiangzi.SpringBootAdminApplication:59 - Started SpringBootAdminApplication in 7.35 seconds (JVM running for 9.032)
2019-05-20 18:16:21.030 [Thread-24] [32m INFO[0;39m o.s.scheduling.concurrent.ThreadPoolTaskExecutor:208 - Shutting down ExecutorService 'applicationTaskExecutor'
2019-05-20 18:16:21.031 [Thread-24] [32m INFO[0;39m o.s.orm.jpa.LocalContainerEntityManagerFactoryBean:597 - Closing JPA EntityManagerFactory for persistence unit 'default'
2019-05-20 18:16:21.056 [Thread-24] [32m INFO[0;39m com.alibaba.druid.pool.DruidDataSource:1823 - {dataSource-1} closed
